17:00:20 - INFO  com.maoqin.movie.MovieApplication - Starting MovieApplication on DESKTOP-1GAQLAO with PID 3356 (E:\project\movie\target\classes started by leo in E:\project\movie)
17:00:20 - INFO  com.maoqin.movie.MovieApplication - The following profiles are active: dev
17:00:20 - INFO  o.s.c.a.AnnotationConfigApplicationContext - Refreshing org.springframework.context.annotation.AnnotationConfigApplicationContext@bccb269: startup date [Wed Mar 27 17:00:20 CST 2019]; root of context hierarchy
17:00:21 - WARN  o.s.c.a.AnnotationConfigApplicationContext - Exception encountered during context initialization - cancelling refresh attempt: org.springframework.beans.factory.UnsatisfiedDependencyException: Error creating bean with name 'dataSource': Unsatisfied dependency expressed through field 'sourceProperties'; nested exception is org.springframework.beans.factory.BeanCreationException: Error creating bean with name 'spring.datasource-org.springframework.boot.autoconfigure.jdbc.DataSourceProperties': Instantiation of bean failed; nested exception is org.springframework.beans.BeanInstantiationException: Failed to instantiate [org.springframework.boot.autoconfigure.jdbc.DataSourceProperties]: Constructor threw exception; nested exception is java.lang.NoClassDefFoundError: org/springframework/jdbc/datasource/embedded/EmbeddedDatabaseType
17:00:21 - INFO  o.s.b.a.l.AutoConfigurationReportLoggingInitializer - 

Error starting ApplicationContext. To display the auto-configuration report re-run your application with 'debug' enabled.
17:00:21 - ERROR o.s.boot.SpringApplication - Application startup failed
org.springframework.beans.factory.UnsatisfiedDependencyException: Error creating bean with name 'dataSource': Unsatisfied dependency expressed through field 'sourceProperties'; nested exception is org.springframework.beans.factory.BeanCreationException: Error creating bean with name 'spring.datasource-org.springframework.boot.autoconfigure.jdbc.DataSourceProperties': Instantiation of bean failed; nested exception is org.springframework.beans.BeanInstantiationException: Failed to instantiate [org.springframework.boot.autoconfigure.jdbc.DataSourceProperties]: Constructor threw exception; nested exception is java.lang.NoClassDefFoundError: org/springframework/jdbc/datasource/embedded/EmbeddedDatabaseType
	at org.springframework.beans.factory.annotation.AutowiredAnnotationBeanPostProcessor$AutowiredFieldElement.inject(AutowiredAnnotationBeanPostProcessor.java:588)
	at org.springframework.beans.factory.annotation.InjectionMetadata.inject(InjectionMetadata.java:88)
	at org.springframework.beans.factory.annotation.AutowiredAnnotationBeanPostProcessor.postProcessPropertyValues(AutowiredAnnotationBeanPostProcessor.java:366)
	at org.springframework.beans.factory.support.AbstractAutowireCapableBeanFactory.populateBean(AbstractAutowireCapableBeanFactory.java:1264)
	at org.springframework.beans.factory.support.AbstractAutowireCapableBeanFactory.doCreateBean(AbstractAutowireCapableBeanFactory.java:553)
	at org.springframework.beans.factory.support.AbstractAutowireCapableBeanFactory.createBean(AbstractAutowireCapableBeanFactory.java:483)
	at org.springframework.beans.factory.support.AbstractBeanFactory$1.getObject(AbstractBeanFactory.java:306)
	at org.springframework.beans.factory.support.DefaultSingletonBeanRegistry.getSingleton(DefaultSingletonBeanRegistry.java:230)
	at org.springframework.beans.factory.support.AbstractBeanFactory.doGetBean(AbstractBeanFactory.java:302)
	at org.springframework.beans.factory.support.AbstractBeanFactory.getBean(AbstractBeanFactory.java:197)
	at org.springframework.beans.factory.support.DefaultListableBeanFactory.preInstantiateSingletons(DefaultListableBeanFactory.java:761)
	at org.springframework.context.support.AbstractApplicationContext.finishBeanFactoryInitialization(AbstractApplicationContext.java:866)
	at org.springframework.context.support.AbstractApplicationContext.refresh(AbstractApplicationContext.java:542)
	at org.springframework.boot.SpringApplication.refresh(SpringApplication.java:737)
	at org.springframework.boot.SpringApplication.refreshContext(SpringApplication.java:370)
	at org.springframework.boot.SpringApplication.run(SpringApplication.java:314)
	at org.springframework.boot.SpringApplication.run(SpringApplication.java:1162)
	at org.springframework.boot.SpringApplication.run(SpringApplication.java:1151)
	at com.maoqin.movie.MovieApplication.main(MovieApplication.java:10)
Caused by: org.springframework.beans.factory.BeanCreationException: Error creating bean with name 'spring.datasource-org.springframework.boot.autoconfigure.jdbc.DataSourceProperties': Instantiation of bean failed; nested exception is org.springframework.beans.BeanInstantiationException: Failed to instantiate [org.springframework.boot.autoconfigure.jdbc.DataSourceProperties]: Constructor threw exception; nested exception is java.lang.NoClassDefFoundError: org/springframework/jdbc/datasource/embedded/EmbeddedDatabaseType
	at org.springframework.beans.factory.support.AbstractAutowireCapableBeanFactory.instantiateBean(AbstractAutowireCapableBeanFactory.java:1155)
	at org.springframework.beans.factory.support.AbstractAutowireCapableBeanFactory.createBeanInstance(AbstractAutowireCapableBeanFactory.java:1099)
	at org.springframework.beans.factory.support.AbstractAutowireCapableBeanFactory.doCreateBean(AbstractAutowireCapableBeanFactory.java:513)
	at org.springframework.beans.factory.support.AbstractAutowireCapableBeanFactory.createBean(AbstractAutowireCapableBeanFactory.java:483)
	at org.springframework.beans.factory.support.AbstractBeanFactory$1.getObject(AbstractBeanFactory.java:306)
	at org.springframework.beans.factory.support.DefaultSingletonBeanRegistry.getSingleton(DefaultSingletonBeanRegistry.java:230)
	at org.springframework.beans.factory.support.AbstractBeanFactory.doGetBean(AbstractBeanFactory.java:302)
	at org.springframework.beans.factory.support.AbstractBeanFactory.getBean(AbstractBeanFactory.java:202)
	at org.springframework.beans.factory.config.DependencyDescriptor.resolveCandidate(DependencyDescriptor.java:208)
	at org.springframework.beans.factory.support.DefaultListableBeanFactory.doResolveDependency(DefaultListableBeanFactory.java:1138)
	at org.springframework.beans.factory.support.DefaultListableBeanFactory.resolveDependency(DefaultListableBeanFactory.java:1066)
	at org.springframework.beans.factory.annotation.AutowiredAnnotationBeanPostProcessor$AutowiredFieldElement.inject(AutowiredAnnotationBeanPostProcessor.java:585)
	... 18 common frames omitted
Caused by: org.springframework.beans.BeanInstantiationException: Failed to instantiate [org.springframework.boot.autoconfigure.jdbc.DataSourceProperties]: Constructor threw exception; nested exception is java.lang.NoClassDefFoundError: org/springframework/jdbc/datasource/embedded/EmbeddedDatabaseType
	at org.springframework.beans.BeanUtils.instantiateClass(BeanUtils.java:154)
	at org.springframework.beans.factory.support.SimpleInstantiationStrategy.instantiate(SimpleInstantiationStrategy.java:89)
	at org.springframework.beans.factory.support.AbstractAutowireCapableBeanFactory.instantiateBean(AbstractAutowireCapableBeanFactory.java:1147)
	... 29 common frames omitted
Caused by: java.lang.NoClassDefFoundError: org/springframework/jdbc/datasource/embedded/EmbeddedDatabaseType
	at org.springframework.boot.autoconfigure.jdbc.EmbeddedDatabaseConnection.<clinit>(EmbeddedDatabaseConnection.java:49)
	at org.springframework.boot.autoconfigure.jdbc.DataSourceProperties.<init>(DataSourceProperties.java:154)
	at sun.reflect.NativeConstructorAccessorImpl.newInstance0(Native Method)
	at sun.reflect.NativeConstructorAccessorImpl.newInstance(NativeConstructorAccessorImpl.java:62)
	at sun.reflect.DelegatingConstructorAccessorImpl.newInstance(DelegatingConstructorAccessorImpl.java:45)
	at java.lang.reflect.Constructor.newInstance(Constructor.java:423)
	at org.springframework.beans.BeanUtils.instantiateClass(BeanUtils.java:142)
	... 31 common frames omitted
Caused by: java.lang.ClassNotFoundException: org.springframework.jdbc.datasource.embedded.EmbeddedDatabaseType
	at java.net.URLClassLoader.findClass(URLClassLoader.java:381)
	at java.lang.ClassLoader.loadClass(ClassLoader.java:424)
	at sun.misc.Launcher$AppClassLoader.loadClass(Launcher.java:335)
	at java.lang.ClassLoader.loadClass(ClassLoader.java:357)
	... 38 common frames omitted
